#
# There is insufficient memory for the Java Runtime Environment to continue.
# Native memory allocation (mmap) failed to map 132120576 bytes for committing reserved memory.
# Possible reasons:
#   The system is out of physical RAM or swap space
#   The process is running with CompressedOops enabled, and the Java Heap may be blocking the growth of the native heap
# Possible solutions:
#   Reduce memory load on the system
#   Increase physical memory or swap space
#   Check if swap backing store is full
#   Decrease Java heap size (-Xmx/-Xms)
#   Decrease number of Java threads
#   Decrease Java thread stack sizes (-Xss)
#   Set larger code cache with -XX:ReservedCodeCacheSize=
# This output file may be truncated or incomplete.
#
#  Out of Memory Error (os_linux.cpp:2884), pid=11755, tid=11756
#
# JRE version:  (11.0.4+10) (build )
# Java VM: OpenJDK 64-Bit Server VM (11.0.4+10-b304.77, mixed mode, aot, sharing, tiered, compressed oops, g1 gc, linux-amd64)
# Core dump will be written. Default location: Core dumps may be processed with "/usr/share/apport/apport %p %s %c %d %P" (or dumping to /home/raptor/IdeaProjects/SparkLearning/core.11755)
#

---------------  S U M M A R Y ------------

Command Line: org.jetbrains.git4idea.http.GitAskPassApp Username for 'https://github.com': 

Host: Intel(R) Core(TM) i7-8750H CPU @ 2.20GHz, 6 cores, 7G, Ubuntu 18.04.3 LTS
Time: Sat Feb  1 12:19:07 2020 IST elapsed time: 0 seconds (0d 0h 0m 0s)

---------------  T H R E A D  ---------------

Current thread (0x00007f704c011800):  JavaThread "Unknown thread" [_thread_in_vm, id=11756, stack(0x00007f7056833000,0x00007f7056934000)]

Stack: [0x00007f7056833000,0x00007f7056934000],  sp=0x00007f7056932220,  free space=1020k
Native frames: (J=compiled Java code, A=aot compiled Java code, j=interpreted, Vv=VM code, C=native code)
V  [libjvm.so+0xd9777a]  VMError::report_and_die(int, char const*, char const*, __va_list_tag*, Thread*, unsigned char*, void*, void*, char const*, int, unsigned long)+0x18a
V  [libjvm.so+0xd98613]  VMError::report_and_die(Thread*, char const*, int, unsigned long, VMErrorType, char const*, __va_list_tag*)+0x43
V  [libjvm.so+0x698dc8]  report_vm_out_of_memory(char const*, int, unsigned long, VMErrorType, char const*, ...)+0xe8
V  [libjvm.so+0xb9e069]  os::pd_commit_memory_or_exit(char*, unsigned long, unsigned long, bool, char const*)+0xe9
V  [libjvm.so+0xb956bd]  os::commit_memory_or_exit(char*, unsigned long, unsigned long, bool, char const*)+0x1d
V  [libjvm.so+0x7a0591]  G1PageBasedVirtualSpace::commit_preferred_pages(unsigned long, unsigned long)+0x71
V  [libjvm.so+0x7a06e5]  G1PageBasedVirtualSpace::commit_internal(unsigned long, unsigned long)+0x85
V  [libjvm.so+0x7a08da]  G1PageBasedVirtualSpace::commit(unsigned long, unsigned long)+0x10a
V  [libjvm.so+0x7a8196]  G1RegionsLargerThanCommitSizeMapper::commit_regions(unsigned int, unsigned long, WorkGang*)+0x46
V  [libjvm.so+0x8108a8]  HeapRegionManager::commit_regions(unsigned int, unsigned long, WorkGang*)+0x88
V  [libjvm.so+0x811404]  HeapRegionManager::make_regions_available(unsigned int, unsigned int, WorkGang*)+0x34
V  [libjvm.so+0x811909]  HeapRegionManager::expand_by(unsigned int, WorkGang*)+0x79
V  [libjvm.so+0x764260]  G1CollectedHeap::expand(unsigned long, WorkGang*, double*)+0xc0
V  [libjvm.so+0x764955]  G1CollectedHeap::initialize()+0x695
V  [libjvm.so+0xd5ae81]  Universe::initialize_heap()+0x41
V  [libjvm.so+0xd5b131]  universe_init()+0x41
V  [libjvm.so+0x8271ef]  init_globals()+0x5f
V  [libjvm.so+0xd3871c]  Threads::create_vm(JavaVMInitArgs*, bool*)+0x3dc
V  [libjvm.so+0x8ce74c]  JNI_CreateJavaVM+0x5c
C  [libjli.so+0x4814]  JavaMain+0x84


---------------  P R O C E S S  ---------------

Threads class SMR info:
_java_thread_list=0x0000000001e6b080, length=0, elements={
}

Java Threads: ( => current thread )

Other Threads:
  0x00007f704c028000 GCTaskThread "GC Thread#0" [stack: 0x00007f7052833000,0x00007f7052933000] [id=11757]
  0x00007f704c059800 ConcurrentGCThread "G1 Main Marker" [stack: 0x00007f705157c000,0x00007f705167c000] [id=11758]
  0x00007f704c05b800 ConcurrentGCThread "G1 Conc#0" [stack: 0x00007f705147a000,0x00007f705157a000] [id=11759]

[error occurred during error reporting (printing all threads), id 0xb, SIGSEGV (0xb) at pc=0x00007f7054e5a465]

VM state:not at safepoint (not fully initialized)

VM Mutex/Monitor currently owned by a thread:  ([mutex/lock_event])
[0x00007f704c00e5d0] Heap_lock - owner thread: 0x00007f704c011800

Heap address: 0x0000000083600000, size: 1994 MB, Compressed Oops mode: Non-zero based: 0x0000000083600000
Narrow klass base: 0x0000000000000000, Narrow klass shift: 0

GC Heap History (0 events):
No events

Deoptimization events (0 events):
No events

Classes redefined (0 events):
No events

Internal exceptions (0 events):
No events

Events (0 events):
No events


Dynamic libraries:
00400000-00401000 r-xp 00000000 08:01 2370560                            /home/raptor/Softwares/idea-IC-192.7142.36/jbr/bin/java
00601000-00602000 r--p 00001000 08:01 2370560                            /home/raptor/Softwares/idea-IC-192.7142.36/jbr/bin/java
00602000-00603000 rw-p 00002000 08:01 2370560                            /home/raptor/Softwares/idea-IC-192.7142.36/jbr/bin/java
01e53000-01e74000 rw-p 00000000 00:00 0                                  [heap]
8b400000-100000000 ---p 00000000 00:00 0 
7f7024000000-7f7024021000 rw-p 00000000 00:00 0 
7f7024021000-7f7028000000 ---p 00000000 00:00 0 
7f702a000000-7f702c000000 rw-p 00000000 00:00 0 
7f702c000000-7f702c021000 rw-p 00000000 00:00 0 
7f702c021000-7f7030000000 ---p 00000000 00:00 0 
7f70301b0000-7f7034000000 ---p 00000000 00:00 0 
7f7034000000-7f7034021000 rw-p 00000000 00:00 0 
7f7034021000-7f7038000000 ---p 00000000 00:00 0 
7f7039150000-7f70393c0000 rwxp 00000000 00:00 0 
7f70393c0000-7f70396e0000 ---p 00000000 00:00 0 
7f70396e0000-7f7039950000 rwxp 00000000 00:00 0 
7f7039950000-7f7040c18000 ---p 00000000 00:00 0 
7f7040c18000-7f7040e88000 rwxp 00000000 00:00 0 
7f7040e88000-7f7048150000 ---p 00000000 00:00 0 
7f7048150000-7f704c000000 r--s 00000000 08:01 1841975                    /home/raptor/Softwares/idea-IC-192.7142.36/jbr/lib/modules
7f704c000000-7f704c081000 rw-p 00000000 00:00 0 
7f704c081000-7f7050000000 ---p 00000000 00:00 0 
7f7050aee000-7f7051478000 rw-p 00000000 00:00 0 
7f7051478000-7f7051479000 ---p 00000000 00:00 0 
7f7051479000-7f705157a000 rw-p 00000000 00:00 0 
7f705157a000-7f705157b000 ---p 00000000 00:00 0 
7f705157b000-7f705167c000 rw-p 00000000 00:00 0 
7f705167c000-7f705222b000 ---p 00000000 00:00 0 
7f705222b000-7f7052831000 rw-p 00000000 00:00 0 
7f7052831000-7f7052832000 ---p 00000000 00:00 0 
7f7052832000-7f7052938000 rw-p 00000000 00:00 0 
7f7052938000-7f7052a1e000 ---p 00000000 00:00 0 
7f7052a1e000-7f7052a23000 rw-p 00000000 00:00 0 
7f7052a23000-7f7052b09000 ---p 00000000 00:00 0 
7f7052b09000-7f7052b0e000 r-xp 00000000 08:01 1841954                    /home/raptor/Softwares/idea-IC-192.7142.36/jbr/lib/libjimage.so
7f7052b0e000-7f7052d0e000 ---p 00005000 08:01 1841954                    /home/raptor/Softwares/idea-IC-192.7142.36/jbr/lib/libjimage.so
7f7052d0e000-7f7052d0f000 r--p 00005000 08:01 1841954                    /home/raptor/Softwares/idea-IC-192.7142.36/jbr/lib/libjimage.so
7f7052d0f000-7f7052d10000 rw-p 00006000 08:01 1841954                    /home/raptor/Softwares/idea-IC-192.7142.36/jbr/lib/libjimage.so
7f7052d10000-7f7052d17000 r-xp 00000000 08:01 1841974                    /home/raptor/Softwares/idea-IC-192.7142.36/jbr/lib/libzip.so
7f7052d17000-7f7052f16000 ---p 00007000 08:01 1841974                    /home/raptor/Softwares/idea-IC-192.7142.36/jbr/lib/libzip.so
7f7052f16000-7f7052f17000 r--p 00006000 08:01 1841974                    /home/raptor/Softwares/idea-IC-192.7142.36/jbr/lib/libzip.so
7f7052f17000-7f7052f18000 rw-p 00007000 08:01 1841974                    /home/raptor/Softwares/idea-IC-192.7142.36/jbr/lib/libzip.so
7f7052f18000-7f7052f23000 r-xp 00000000 08:01 1447453                    /lib/x86_64-linux-gnu/libnss_files-2.27.so
7f7052f23000-7f7053122000 ---p 0000b000 08:01 1447453                    /lib/x86_64-linux-gnu/libnss_files-2.27.so
7f7053122000-7f7053123000 r--p 0000a000 08:01 1447453                    /lib/x86_64-linux-gnu/libnss_files-2.27.so
7f7053123000-7f7053124000 rw-p 0000b000 08:01 1447453                    /lib/x86_64-linux-gnu/libnss_files-2.27.so
7f7053124000-7f705312a000 rw-p 00000000 00:00 0 
7f705312a000-7f7053141000 r-xp 00000000 08:01 1447447                    /lib/x86_64-linux-gnu/libnsl-2.27.so
7f7053141000-7f7053340000 ---p 00017000 08:01 1447447                    /lib/x86_64-linux-gnu/libnsl-2.27.so
7f7053340000-7f7053341000 r--p 00016000 08:01 1447447                    /lib/x86_64-linux-gnu/libnsl-2.27.so
7f7053341000-7f7053342000 rw-p 00017000 08:01 1447447                    /lib/x86_64-linux-gnu/libnsl-2.27.so
7f7053342000-7f7053344000 rw-p 00000000 00:00 0 
7f7053344000-7f705334f000 r-xp 00000000 08:01 1447464                    /lib/x86_64-linux-gnu/libnss_nis-2.27.so
7f705334f000-7f705354e000 ---p 0000b000 08:01 1447464                    /lib/x86_64-linux-gnu/libnss_nis-2.27.so
7f705354e000-7f705354f000 r--p 0000a000 08:01 1447464                    /lib/x86_64-linux-gnu/libnss_nis-2.27.so
7f705354f000-7f7053550000 rw-p 0000b000 08:01 1447464                    /lib/x86_64-linux-gnu/libnss_nis-2.27.so
7f7053550000-7f7053558000 r-xp 00000000 08:01 1447449                    /lib/x86_64-linux-gnu/libnss_compat-2.27.so
7f7053558000-7f7053758000 ---p 00008000 08:01 1447449                    /lib/x86_64-linux-gnu/libnss_compat-2.27.so
7f7053758000-7f7053759000 r--p 00008000 08:01 1447449                    /lib/x86_64-linux-gnu/libnss_compat-2.27.so
7f7053759000-7f705375a000 rw-p 00009000 08:01 1447449                    /lib/x86_64-linux-gnu/libnss_compat-2.27.so
7f705375a000-7f7053783000 r-xp 00000000 08:01 1841944                    /home/raptor/Softwares/idea-IC-192.7142.36/jbr/lib/libjava.so
7f7053783000-7f7053982000 ---p 00029000 08:01 1841944                    /home/raptor/Softwares/idea-IC-192.7142.36/jbr/lib/libjava.so
7f7053982000-7f7053983000 r--p 00028000 08:01 1841944                    /home/raptor/Softwares/idea-IC-192.7142.36/jbr/lib/libjava.so
7f7053983000-7f7053985000 rw-p 00029000 08:01 1841944                    /home/raptor/Softwares/idea-IC-192.7142.36/jbr/lib/libjava.so
7f7053985000-7f7053992000 r-xp 00000000 08:01 1841973                    /home/raptor/Softwares/idea-IC-192.7142.36/jbr/lib/libverify.so
7f7053992000-7f7053b91000 ---p 0000d000 08:01 1841973                    /home/raptor/Softwares/idea-IC-192.7142.36/jbr/lib/libverify.so
7f7053b91000-7f7053b93000 r--p 0000c000 08:01 1841973                    /home/raptor/Softwares/idea-IC-192.7142.36/jbr/lib/libverify.so
7f7053b93000-7f7053b94000 rw-p 0000e000 08:01 1841973                    /home/raptor/Softwares/idea-IC-192.7142.36/jbr/lib/libverify.so
7f7053b94000-7f7053b9b000 r-xp 00000000 08:01 1447504                    /lib/x86_64-linux-gnu/librt-2.27.so
7f7053b9b000-7f7053d9a000 ---p 00007000 08:01 1447504                    /lib/x86_64-linux-gnu/librt-2.27.so
7f7053d9a000-7f7053d9b000 r--p 00006000 08:01 1447504                    /lib/x86_64-linux-gnu/librt-2.27.so
7f7053d9b000-7f7053d9c000 rw-p 00007000 08:01 1447504                    /lib/x86_64-linux-gnu/librt-2.27.so
7f7053d9c000-7f7053db3000 r-xp 00000000 08:01 1441877                    /lib/x86_64-linux-gnu/libgcc_s.so.1
7f7053db3000-7f7053fb2000 ---p 00017000 08:01 1441877                    /lib/x86_64-linux-gnu/libgcc_s.so.1
7f7053fb2000-7f7053fb3000 r--p 00016000 08:01 1441877                    /lib/x86_64-linux-gnu/libgcc_s.so.1
7f7053fb3000-7f7053fb4000 rw-p 00017000 08:01 1441877                    /lib/x86_64-linux-gnu/libgcc_s.so.1
7f7053fb4000-7f7054151000 r-xp 00000000 08:01 1447426                    /lib/x86_64-linux-gnu/libm-2.27.so
7f7054151000-7f7054350000 ---p 0019d000 08:01 1447426                    /lib/x86_64-linux-gnu/libm-2.27.so
7f7054350000-7f7054351000 r--p 0019c000 08:01 1447426                    /lib/x86_64-linux-gnu/libm-2.27.so
7f7054351000-7f7054352000 rw-p 0019d000 08:01 1447426                    /lib/x86_64-linux-gnu/libm-2.27.so
7f7054352000-7f70544cb000 r-xp 00000000 08:01 2621619                    /usr/lib/x86_64-linux-gnu/libstdc++.so.6.0.25
7f70544cb000-7f70546cb000 ---p 00179000 08:01 2621619                    /usr/lib/x86_64-linux-gnu/libstdc++.so.6.0.25
7f70546cb000-7f70546d5000 r--p 00179000 08:01 2621619                    /usr/lib/x86_64-linux-gnu/libstdc++.so.6.0.25
7f70546d5000-7f70546d7000 rw-p 00183000 08:01 2621619                    /usr/lib/x86_64-linux-gnu/libstdc++.so.6.0.25
7f70546d7000-7f70546db000 rw-p 00000000 00:00 0 
7f70546db000-7f7055784000 r-xp 00000000 08:01 2370557                    /home/raptor/Softwares/idea-IC-192.7142.36/jbr/lib/server/libjvm.so
7f7055784000-7f7055984000 ---p 010a9000 08:01 2370557                    /home/raptor/Softwares/idea-IC-192.7142.36/jbr/lib/server/libjvm.so
7f7055984000-7f7055a52000 r--p 010a9000 08:01 2370557                    /home/raptor/Softwares/idea-IC-192.7142.36/jbr/lib/server/libjvm.so
7f7055a52000-7f7055a8c000 rw-p 01177000 08:01 2370557                    /home/raptor/Softwares/idea-IC-192.7142.36/jbr/lib/server/libjvm.so
7f7055a8c000-7f7055ae5000 rw-p 00000000 00:00 0 
7f7055ae5000-7f7055ccc000 r-xp 00000000 08:01 1447363                    /lib/x86_64-linux-gnu/libc-2.27.so
7f7055ccc000-7f7055ecc000 ---p 001e7000 08:01 1447363                    /lib/x86_64-linux-gnu/libc-2.27.so
7f7055ecc000-7f7055ed0000 r--p 001e7000 08:01 1447363                    /lib/x86_64-linux-gnu/libc-2.27.so
7f7055ed0000-7f7055ed2000 rw-p 001eb000 08:01 1447363                    /lib/x86_64-linux-gnu/libc-2.27.so
7f7055ed2000-7f7055ed6000 rw-p 00000000 00:00 0 
7f7055ed6000-7f7055ed9000 r-xp 00000000 08:01 1447386                    /lib/x86_64-linux-gnu/libdl-2.27.so
7f7055ed9000-7f70560d8000 ---p 00003000 08:01 1447386                    /lib/x86_64-linux-gnu/libdl-2.27.so
7f70560d8000-7f70560d9000 r--p 00002000 08:01 1447386                    /lib/x86_64-linux-gnu/libdl-2.27.so
7f70560d9000-7f70560da000 rw-p 00003000 08:01 1447386                    /lib/x86_64-linux-gnu/libdl-2.27.so
7f70560da000-7f70560e9000 r-xp 00000000 08:01 2370548                    /home/raptor/Softwares/idea-IC-192.7142.36/jbr/lib/jli/libjli.so
7f70560e9000-7f70562e8000 ---p 0000f000 08:01 2370548                    /home/raptor/Softwares/idea-IC-192.7142.36/jbr/lib/jli/libjli.so
7f70562e8000-7f70562e9000 r--p 0000e000 08:01 2370548                    /home/raptor/Softwares/idea-IC-192.7142.36/jbr/lib/jli/libjli.so
7f70562e9000-7f70562ea000 rw-p 0000f000 08:01 2370548                    /home/raptor/Softwares/idea-IC-192.7142.36/jbr/lib/jli/libjli.so
7f70562ea000-7f7056304000 r-xp 00000000 08:01 1447496                    /lib/x86_64-linux-gnu/libpthread-2.27.so
7f7056304000-7f7056503000 ---p 0001a000 08:01 1447496                    /lib/x86_64-linux-gnu/libpthread-2.27.so
7f7056503000-7f7056504000 r--p 00019000 08:01 1447496                    /lib/x86_64-linux-gnu/libpthread-2.27.so
7f7056504000-7f7056505000 rw-p 0001a000 08:01 1447496                    /lib/x86_64-linux-gnu/libpthread-2.27.so
7f7056505000-7f7056509000 rw-p 00000000 00:00 0 
7f7056509000-7f7056525000 r-xp 00000000 08:01 1447535                    /lib/x86_64-linux-gnu/libz.so.1.2.11
7f7056525000-7f7056724000 ---p 0001c000 08:01 1447535                    /lib/x86_64-linux-gnu/libz.so.1.2.11
7f7056724000-7f7056725000 r--p 0001b000 08:01 1447535                    /lib/x86_64-linux-gnu/libz.so.1.2.11
7f7056725000-7f7056726000 rw-p 0001c000 08:01 1447535                    /lib/x86_64-linux-gnu/libz.so.1.2.11
7f7056726000-7f705674d000 r-xp 00000000 08:01 1447335                    /lib/x86_64-linux-gnu/ld-2.27.so
7f70567a6000-7f705682c000 rw-p 00000000 00:00 0 
7f705682c000-7f7056833000 ---p 00000000 00:00 0 
7f7056833000-7f7056837000 ---p 00000000 00:00 0 
7f7056837000-7f7056936000 rw-p 00000000 00:00 0 
7f7056941000-7f7056949000 rw-s 00000000 08:01 1455765                    /tmp/hsperfdata_raptor/11755
7f7056949000-7f705694a000 ---p 00000000 00:00 0 
7f705694a000-7f705694b000 r--p 00000000 00:00 0 
7f705694b000-7f705694d000 rw-p 00000000 00:00 0 
7f705694d000-7f705694e000 r--p 00027000 08:01 1447335                    /lib/x86_64-linux-gnu/ld-2.27.so
7f705694e000-7f705694f000 rw-p 00028000 08:01 1447335                    /lib/x86_64-linux-gnu/ld-2.27.so
7f705694f000-7f7056950000 rw-p 00000000 00:00 0 
7ffca77e5000-7ffca7806000 rw-p 00000000 00:00 0                          [stack]
7ffca78ad000-7ffca78b0000 r--p 00000000 00:00 0                          [vvar]
7ffca78b0000-7ffca78b2000 r-xp 00000000 00:00 0                          [vdso]
ffffffffff600000-ffffffffff601000 r-xp 00000000 00:00 0                  [vsyscall]


VM Arguments:
java_command: org.jetbrains.git4idea.http.GitAskPassApp Username for 'https://github.com': 
java_class_path (initial): /home/raptor/Softwares/idea-IC-192.7142.36/plugins/git4idea/lib/git4idea-rt.jar:/home/raptor/Softwares/idea-IC-192.7142.36/lib/xmlrpc-2.0.1.jar:/home/raptor/Softwares/idea-IC-192.7142.36/lib/commons-codec-1.13.jar:/home/raptor/Softwares/idea-IC-192.7142.36/lib/util.jar
Launcher Type: SUN_STANDARD

[Global flags]
     intx CICompilerCount                          = 3                                         {product} {ergonomic}
     uint ConcGCThreads                            = 2                                         {product} {ergonomic}
     uint G1ConcRefinementThreads                  = 6                                         {product} {ergonomic}
   size_t G1HeapRegionSize                         = 1048576                                   {product} {ergonomic}
    uintx GCDrainStackTargetSize                   = 64                                        {product} {ergonomic}
   size_t InitialHeapSize                          = 132120576                                 {product} {ergonomic}
   size_t MarkStackSize                            = 4194304                                   {product} {ergonomic}
   size_t MaxHeapSize                              = 2090860544                                {product} {ergonomic}
   size_t MinHeapDeltaBytes                        = 1048576                                   {product} {ergonomic}
    uintx NonNMethodCodeHeapSize                   = 5830092                                {pd product} {ergonomic}
    uintx NonProfiledCodeHeapSize                  = 122914074                              {pd product} {ergonomic}
    uintx ProfiledCodeHeapSize                     = 122914074                              {pd product} {ergonomic}
    uintx ReservedCodeCacheSize                    = 251658240                              {pd product} {ergonomic}
     bool SegmentedCodeCache                       = true                                      {product} {ergonomic}
     bool UseCompressedClassPointers               = true                                 {lp64_product} {ergonomic}
     bool UseCompressedOops                        = true                                 {lp64_product} {ergonomic}
     bool UseG1GC                                  = true                                      {product} {ergonomic}

Logging:
Log output configuration:
 #0: stdout all=warning uptime,level,tags
 #1: stderr all=off uptime,level,tags

Environment Variables:
PATH=/usr/lib/git-core:/usr/local/sbin:/usr/local/bin:/usr/sbin:/usr/bin:/sbin:/bin:/usr/games:/usr/local/games:/snap/bin
USERNAME=raptor
SHELL=/bin/bash
DISPLAY=:0

Signal Handlers:
SIGSEGV: [libjvm.so+0xd98670], sa_mask[0]=11111111011111111101111111111110, sa_flags=SA_RESTART|SA_SIGINFO
SIGBUS: [libjvm.so+0xd98670], sa_mask[0]=11111111011111111101111111111110, sa_flags=SA_RESTART|SA_SIGINFO
SIGFPE: [libjvm.so+0xd98670], sa_mask[0]=11111111011111111101111111111110, sa_flags=SA_RESTART|SA_SIGINFO
SIGPIPE: [libjvm.so+0xb99c10], sa_mask[0]=11111111011111111101111111111110, sa_flags=SA_RESTART|SA_SIGINFO
SIGXFSZ: [libjvm.so+0xb99c10], sa_mask[0]=11111111011111111101111111111110, sa_flags=SA_RESTART|SA_SIGINFO
SIGILL: [libjvm.so+0xd98670], sa_mask[0]=11111111011111111101111111111110, sa_flags=SA_RESTART|SA_SIGINFO
SIGUSR2: [libjvm.so+0xb99ab0], sa_mask[0]=00100000000000000000000000000000, sa_flags=SA_RESTART|SA_SIGINFO
SIGHUP: SIG_DFL, sa_mask[0]=00000000000000000000000000000000, sa_flags=none
SIGINT: SIG_DFL, sa_mask[0]=00000000000000000000000000000000, sa_flags=none
SIGTERM: SIG_DFL, sa_mask[0]=00000000000000000000000000000000, sa_flags=none
SIGQUIT: SIG_DFL, sa_mask[0]=00000000000000000000000000000000, sa_flags=none


---------------  S Y S T E M  ---------------

OS:DISTRIB_ID=Ubuntu
DISTRIB_RELEASE=18.04
DISTRIB_CODENAME=bionic
DISTRIB_DESCRIPTION="Ubuntu 18.04.3 LTS"
uname:Linux 4.15.0-76-generic #86-Ubuntu SMP Fri Jan 17 17:24:28 UTC 2020 x86_64
libc:glibc 2.27 NPTL 2.27 
rlimit: STACK 8192k, CORE 0k, NPROC 31728, NOFILE 1048576, AS infinity, DATA infinity, FSIZE infinity
load average:4.12 2.61 1.83

/proc/meminfo:
MemTotal:        8167292 kB
MemFree:          121480 kB
MemAvailable:      38440 kB
Buffers:            4064 kB
Cached:            93644 kB
SwapCached:         5460 kB
Active:          6825280 kB
Inactive:         887460 kB
Active(anon):    6797916 kB
Inactive(anon):   849396 kB
Active(file):      27364 kB
Inactive(file):    38064 kB
Unevictable:          32 kB
Mlocked:              32 kB
SwapTotal:       2097148 kB
SwapFree:             24 kB
Dirty:              6240 kB
Writeback:           140 kB
AnonPages:       7610124 kB
Mapped:            74260 kB
Shmem:             31792 kB
Slab:              98488 kB
SReclaimable:      38388 kB
SUnreclaim:        60100 kB
KernelStack:       31776 kB
PageTables:        77684 kB
NFS_Unstable:          0 kB
Bounce:                0 kB
WritebackTmp:          0 kB
CommitLimit:     6180792 kB
Committed_AS:   20132992 kB
VmallocTotal:   34359738367 kB
VmallocUsed:           0 kB
VmallocChunk:          0 kB
HardwareCorrupted:     0 kB
AnonHugePages:         0 kB
ShmemHugePages:        0 kB
ShmemPmdMapped:        0 kB
CmaTotal:              0 kB
CmaFree:               0 kB
HugePages_Total:       0
HugePages_Free:        0
HugePages_Rsvd:        0
HugePages_Surp:        0
Hugepagesize:       2048 kB
DirectMap4k:      225216 kB
DirectMap2M:     8163328 kB


/proc/sys/kernel/threads-max (system-wide limit on the number of threads):
63456


/proc/sys/vm/max_map_count (maximum number of memory map areas a process may have):
65530


/proc/sys/kernel/pid_max (system-wide limit on number of process identifiers):
32768



container (cgroup) information:
container_type: cgroupv1
cpu_cpuset_cpus: 0-5
cpu_memory_nodes: 0
active_processor_count: 6
cpu_quota: -1
cpu_period: 100000
cpu_shares: -1
memory_limit_in_bytes: -1
memory_and_swap_limit_in_bytes: -2
memory_soft_limit_in_bytes: -1
memory_usage_in_bytes: 7895408640
memory_max_usage_in_bytes: 35639296

Steal ticks since vm start: 0
Steal ticks percentage since vm start:  0.000

CPU:total 6 (initial active 6) (6 cores per cpu, 1 threads per core) family 6 model 158 stepping 10, cmov, cx8, fxsr, mmx, sse, sse2, sse3, ssse3, sse4.1, sse4.2, popcnt, avx, avx2, aes, clmul, 3dnowpref, lzcnt, tsc, tscinvbit
CPU Model and flags from /proc/cpuinfo:
model name	: Intel(R) Core(TM) i7-8750H CPU @ 2.20GHz
flags		: fpu vme de pse tsc msr pae mce cx8 apic sep mtrr pge mca cmov pat pse36 clflush mmx fxsr sse sse2 ht syscall nx rdtscp lm constant_tsc rep_good nopl xtopology nonstop_tsc cpuid tsc_known_freq pni pclmulqdq ssse3 cx16 pcid sse4_1 sse4_2 x2apic movbe popcnt aes xsave avx rdrand hypervisor lahf_lm abm 3dnowprefetch invpcid_single pti fsgsbase avx2 invpcid rdseed clflushopt flush_l1d

Memory: 4k page, physical 8167292k(121480k free), swap 2097148k(28k free)

vm_info: OpenJDK 64-Bit Server VM (11.0.4+10-b304.77) for linux-amd64 JRE (11.0.4+10-b304.77), built on Oct 10 2019 12:18:38 by "" with gcc 4.8.5 20150623 (Red Hat 4.8.5-36)

END.
